<?xml version="1.0" encoding="UTF-8"?>
<coverage generated="1769058765201" clover="3.2.0">
  <project timestamp="1769058765201" name="All files">
    <metrics statements="52" coveredstatements="51" conditionals="23" coveredconditionals="22" methods="7" coveredmethods="7" elements="82" coveredelements="80" complexity="0" loc="52" ncloc="52" packages="3" files="3" classes="3"/>
    <package name="firebase">
      <metrics statements="4" coveredstatements="4" conditionals="0" coveredconditionals="0" methods="0" coveredmethods="0"/>
      <file name="index.js" path="/Users/inabamasatake/Desktop/FrontHacks/32ReduxThunk/practice/todo_app/src/firebase/index.js">
        <metrics statements="4" coveredstatements="4" conditionals="0" coveredconditionals="0" methods="0" coveredmethods="0"/>
        <line num="5" count="1" type="stmt"/>
        <line num="15" count="1" type="stmt"/>
        <line num="17" count="1" type="stmt"/>
        <line num="19" count="1" type="stmt"/>
      </file>
    </package>
    <package name="models">
      <metrics statements="41" coveredstatements="41" conditionals="17" coveredconditionals="17" methods="6" coveredmethods="6"/>
      <file name="TodoModel.js" path="/Users/inabamasatake/Desktop/FrontHacks/32ReduxThunk/practice/todo_app/src/models/TodoModel.js">
        <metrics statements="41" coveredstatements="41" conditionals="17" coveredconditionals="17" methods="6" coveredmethods="6"/>
        <line num="20" count="1" type="stmt"/>
        <line num="21" count="8" type="cond" truecount="2" falsecount="0"/>
        <line num="28" count="2" type="stmt"/>
        <line num="31" count="6" type="stmt"/>
        <line num="32" count="6" type="stmt"/>
        <line num="40" count="1" type="stmt"/>
        <line num="41" count="5" type="cond" truecount="2" falsecount="0"/>
        <line num="42" count="1" type="stmt"/>
        <line num="45" count="4" type="stmt"/>
        <line num="51" count="4" type="stmt"/>
        <line num="52" count="3" type="stmt"/>
        <line num="53" count="2" type="cond" truecount="2" falsecount="0"/>
        <line num="54" count="1" type="stmt"/>
        <line num="57" count="1" type="stmt"/>
        <line num="59" count="1" type="stmt"/>
        <line num="60" count="1" type="stmt"/>
        <line num="63" count="1" type="stmt"/>
        <line num="64" count="4" type="stmt"/>
        <line num="65" count="4" type="stmt"/>
        <line num="67" count="3" type="cond" truecount="2" falsecount="0"/>
        <line num="68" count="1" type="stmt"/>
        <line num="71" count="2" type="stmt"/>
        <line num="72" count="2" type="stmt"/>
        <line num="76" count="1" type="stmt"/>
        <line num="77" count="4" type="stmt"/>
        <line num="79" count="4" type="stmt"/>
        <line num="81" count="3" type="cond" truecount="2" falsecount="0"/>
        <line num="82" count="1" type="stmt"/>
        <line num="85" count="2" type="stmt"/>
        <line num="87" count="2" type="stmt"/>
        <line num="88" count="2" type="stmt"/>
        <line num="89" count="1" type="stmt"/>
        <line num="92" count="1" type="stmt"/>
        <line num="93" count="4" type="stmt"/>
        <line num="95" count="4" type="stmt"/>
        <line num="97" count="3" type="cond" truecount="2" falsecount="0"/>
        <line num="98" count="1" type="stmt"/>
        <line num="101" count="2" type="stmt"/>
        <line num="103" count="2" type="stmt"/>
        <line num="105" count="1" type="stmt"/>
        <line num="109" count="1" type="stmt"/>
      </file>
    </package>
    <package name="models.errors">
      <metrics statements="7" coveredstatements="6" conditionals="6" coveredconditionals="5" methods="1" coveredmethods="1"/>
      <file name="ModelError.js" path="/Users/inabamasatake/Desktop/FrontHacks/32ReduxThunk/practice/todo_app/src/models/errors/ModelError.js">
        <metrics statements="7" coveredstatements="6" conditionals="6" coveredconditionals="5" methods="1" coveredmethods="1"/>
        <line num="3" count="1" type="stmt"/>
        <line num="14" count="16" type="cond" truecount="2" falsecount="0"/>
        <line num="18" count="16" type="cond" truecount="2" falsecount="0"/>
        <line num="19" count="16" type="stmt"/>
        <line num="20" count="16" type="stmt"/>
        <line num="22" count="16" type="cond" truecount="1" falsecount="1"/>
        <line num="23" count="0" type="stmt"/>
      </file>
    </package>
  </project>
</coverage>
