<?xml version="1.0" encoding="UTF-8"?>
<coverage generated="1769243676050" clover="3.2.0">
  <project timestamp="1769243676050" name="All files">
    <metrics statements="47" coveredstatements="42" conditionals="10" coveredconditionals="5" methods="12" coveredmethods="7" elements="69" coveredelements="54" complexity="0" loc="47" ncloc="47" packages="5" files="5" classes="5"/>
    <package name="models.errors">
      <metrics statements="7" coveredstatements="6" conditionals="6" coveredconditionals="3" methods="1" coveredmethods="1"/>
      <file name="ModelError.js" path="/Users/inabamasatake/Desktop/FrontHacks/32ReduxThunk/practice/todo_app/src/models/errors/ModelError.js">
        <metrics statements="7" coveredstatements="6" conditionals="6" coveredconditionals="3" methods="1" coveredmethods="1"/>
        <line num="3" count="1" type="stmt"/>
        <line num="14" count="8" type="cond" truecount="1" falsecount="1"/>
        <line num="18" count="8" type="cond" truecount="1" falsecount="1"/>
        <line num="19" count="8" type="stmt"/>
        <line num="20" count="8" type="stmt"/>
        <line num="22" count="8" type="cond" truecount="1" falsecount="1"/>
        <line num="23" count="0" type="stmt"/>
      </file>
    </package>
    <package name="redux.features.snackbar">
      <metrics statements="9" coveredstatements="5" conditionals="0" coveredconditionals="0" methods="5" coveredmethods="0"/>
      <file name="snackbarSlice.js" path="/Users/inabamasatake/Desktop/FrontHacks/32ReduxThunk/practice/todo_app/src/redux/features/snackbar/snackbarSlice.js">
        <metrics statements="9" coveredstatements="5" conditionals="0" coveredconditionals="0" methods="5" coveredmethods="0"/>
        <line num="5" count="1" type="stmt"/>
        <line num="10" count="1" type="stmt"/>
        <line num="16" count="0" type="stmt"/>
        <line num="17" count="0" type="stmt"/>
        <line num="20" count="0" type="stmt"/>
        <line num="22" count="0" type="stmt"/>
        <line num="26" count="1" type="stmt"/>
        <line num="27" count="1" type="stmt"/>
        <line num="30" count="1" type="stmt"/>
      </file>
    </package>
    <package name="redux.features.todos">
      <metrics statements="24" coveredstatements="24" conditionals="2" coveredconditionals="1" methods="4" coveredmethods="4"/>
      <file name="todosThunks.js" path="/Users/inabamasatake/Desktop/FrontHacks/32ReduxThunk/practice/todo_app/src/redux/features/todos/todosThunks.js">
        <metrics statements="24" coveredstatements="24" conditionals="2" coveredconditionals="1" methods="4" coveredmethods="4"/>
        <line num="13" count="1" type="stmt"/>
        <line num="16" count="2" type="stmt"/>
        <line num="17" count="2" type="stmt"/>
        <line num="18" count="1" type="stmt"/>
        <line num="19" count="1" type="stmt"/>
        <line num="21" count="1" type="stmt"/>
        <line num="26" count="1" type="stmt"/>
        <line num="29" count="2" type="stmt"/>
        <line num="30" count="2" type="stmt"/>
        <line num="31" count="1" type="stmt"/>
        <line num="33" count="1" type="stmt"/>
        <line num="38" count="1" type="stmt"/>
        <line num="41" count="2" type="stmt"/>
        <line num="42" count="2" type="stmt"/>
        <line num="43" count="1" type="stmt"/>
        <line num="44" count="1" type="stmt"/>
        <line num="46" count="1" type="stmt"/>
        <line num="51" count="1" type="stmt"/>
        <line num="54" count="2" type="stmt"/>
        <line num="55" count="2" type="stmt"/>
        <line num="57" count="1" type="cond" truecount="1" falsecount="1"/>
        <line num="58" count="2" type="stmt"/>
        <line num="62" count="2" type="stmt"/>
        <line num="64" count="1" type="stmt"/>
      </file>
    </package>
    <package name="redux.features.utils">
      <metrics statements="5" coveredstatements="5" conditionals="2" coveredconditionals="1" methods="2" coveredmethods="2"/>
      <file name="createModelThunk.js" path="/Users/inabamasatake/Desktop/FrontHacks/32ReduxThunk/practice/todo_app/src/redux/features/utils/createModelThunk.js">
        <metrics statements="5" coveredstatements="5" conditionals="2" coveredconditionals="1" methods="2" coveredmethods="2"/>
        <line num="7" count="4" type="stmt"/>
        <line num="9" count="8" type="stmt"/>
        <line num="10" count="8" type="stmt"/>
        <line num="13" count="4" type="cond" truecount="1" falsecount="1"/>
        <line num="17" count="4" type="stmt"/>
      </file>
    </package>
    <package name="test.redux.features.fixtures">
      <metrics statements="2" coveredstatements="2" conditionals="0" coveredconditionals="0" methods="0" coveredmethods="0"/>
      <file name="todoFixture.js" path="/Users/inabamasatake/Desktop/FrontHacks/32ReduxThunk/practice/todo_app/src/test/redux/features/fixtures/todoFixture.js">
        <metrics statements="2" coveredstatements="2" conditionals="0" coveredconditionals="0" methods="0" coveredmethods="0"/>
        <line num="1" count="1" type="stmt"/>
        <line num="7" count="1" type="stmt"/>
      </file>
    </package>
  </project>
</coverage>
