{"/Users/inabamasatake/Desktop/FrontHacks/32ReduxThunk/practice/todo_app/src/models/errors/ModelError.js": {"path":"/Users/inabamasatake/Desktop/FrontHacks/32ReduxThunk/practice/todo_app/src/models/errors/ModelError.js","statementMap":{"0":{"start":{"line":3,"column":32},"end":{"line":10,"column":1}},"1":{"start":{"line":14,"column":25},"end":{"line":16,"column":32}},"2":{"start":{"line":18,"column":4},"end":{"line":18,"column":null}},"3":{"start":{"line":19,"column":4},"end":{"line":19,"column":null}},"4":{"start":{"line":20,"column":4},"end":{"line":20,"column":null}},"5":{"start":{"line":22,"column":4},"end":{"line":24,"column":null}},"6":{"start":{"line":23,"column":6},"end":{"line":23,"column":null}}},"fnMap":{"0":{"name":"(anonymous_0)","decl":{"start":{"line":13,"column":2},"end":{"line":13,"column":13}},"loc":{"start":{"line":13,"column":36},"end":{"line":25,"column":null}},"line":13}},"branchMap":{"0":{"loc":{"start":{"line":14,"column":25},"end":{"line":16,"column":32}},"type":"cond-expr","locations":[{"start":{"line":15,"column":8},"end":{"line":15,"column":12}},{"start":{"line":16,"column":8},"end":{"line":16,"column":32}}],"line":14},"1":{"loc":{"start":{"line":18,"column":10},"end":{"line":18,"column":33}},"type":"binary-expr","locations":[{"start":{"line":18,"column":10},"end":{"line":18,"column":17}},{"start":{"line":18,"column":21},"end":{"line":18,"column":33}}],"line":18},"2":{"loc":{"start":{"line":22,"column":4},"end":{"line":24,"column":null}},"type":"if","locations":[{"start":{"line":22,"column":4},"end":{"line":24,"column":null}},{"start":{},"end":{}}],"line":22}},"s":{"0":1,"1":8,"2":8,"3":8,"4":8,"5":8,"6":0},"f":{"0":8},"b":{"0":[8,0],"1":[8,0],"2":[0,8]},"meta":{"lastBranch":3,"lastFunction":1,"lastStatement":7,"seen":{"s:3:32:10:1":0,"f:13:2:13:13":0,"s:14:25:16:32":1,"b:15:8:15:12:16:8:16:32":0,"s:18:4:18:Infinity":2,"b:18:10:18:17:18:21:18:33":1,"s:19:4:19:Infinity":3,"s:20:4:20:Infinity":4,"b:22:4:24:Infinity:undefined:undefined:undefined:undefined":2,"s:22:4:24:Infinity":5,"s:23:6:23:Infinity":6}}}
,"/Users/inabamasatake/Desktop/FrontHacks/32ReduxThunk/practice/todo_app/src/redux/features/snackbar/snackbarSlice.js": {"path":"/Users/inabamasatake/Desktop/FrontHacks/32ReduxThunk/practice/todo_app/src/redux/features/snackbar/snackbarSlice.js","statementMap":{"0":{"start":{"line":5,"column":36},"end":{"line":8,"column":1}},"1":{"start":{"line":10,"column":19},"end":{"line":24,"column":2}},"2":{"start":{"line":16,"column":6},"end":{"line":16,"column":null}},"3":{"start":{"line":17,"column":6},"end":{"line":17,"column":null}},"4":{"start":{"line":20,"column":6},"end":{"line":20,"column":null}},"5":{"start":{"line":22,"column":25},"end":{"line":22,"column":null}},"6":{"start":{"line":26,"column":38},"end":{"line":26,"column":78}},"7":{"start":{"line":26,"column":48},"end":{"line":26,"column":78}},"8":{"start":{"line":27,"column":35},"end":{"line":27,"column":72}},"9":{"start":{"line":27,"column":45},"end":{"line":27,"column":72}},"10":{"start":{"line":30,"column":2},"end":{"line":30,"column":23}}},"fnMap":{"0":{"name":"(anonymous_0)","decl":{"start":{"line":15,"column":18},"end":{"line":15,"column":19}},"loc":{"start":{"line":15,"column":37},"end":{"line":18,"column":5}},"line":15},"1":{"name":"(anonymous_1)","decl":{"start":{"line":19,"column":19},"end":{"line":19,"column":24}},"loc":{"start":{"line":19,"column":29},"end":{"line":21,"column":5}},"line":19},"2":{"name":"(anonymous_2)","decl":{"start":{"line":22,"column":19},"end":{"line":22,"column":25}},"loc":{"start":{"line":22,"column":25},"end":{"line":22,"column":null}},"line":22},"3":{"name":"(anonymous_3)","decl":{"start":{"line":26,"column":38},"end":{"line":26,"column":43}},"loc":{"start":{"line":26,"column":48},"end":{"line":26,"column":78}},"line":26},"4":{"name":"(anonymous_4)","decl":{"start":{"line":27,"column":35},"end":{"line":27,"column":40}},"loc":{"start":{"line":27,"column":45},"end":{"line":27,"column":72}},"line":27}},"branchMap":{},"s":{"0":1,"1":1,"2":0,"3":0,"4":0,"5":0,"6":1,"7":0,"8":1,"9":0,"10":1},"f":{"0":0,"1":0,"2":0,"3":0,"4":0},"b":{},"meta":{"lastBranch":0,"lastFunction":5,"lastStatement":11,"seen":{"s:5:36:8:1":0,"s:10:19:24:2":1,"f:15:18:15:19":0,"s:16:6:16:Infinity":2,"s:17:6:17:Infinity":3,"f:19:19:19:24":1,"s:20:6:20:Infinity":4,"f:22:19:22:25":2,"s:22:25:22:Infinity":5,"s:26:38:26:78":6,"f:26:38:26:43":3,"s:26:48:26:78":7,"s:27:35:27:72":8,"f:27:35:27:40":4,"s:27:45:27:72":9,"s:30:2:30:23":10}}}
,"/Users/inabamasatake/Desktop/FrontHacks/32ReduxThunk/practice/todo_app/src/redux/features/todos/todosThunks.js": {"path":"/Users/inabamasatake/Desktop/FrontHacks/32ReduxThunk/practice/todo_app/src/redux/features/todos/todosThunks.js","statementMap":{"0":{"start":{"line":13,"column":26},"end":{"line":24,"column":1}},"1":{"start":{"line":16,"column":4},"end":{"line":22,"column":null}},"2":{"start":{"line":17,"column":19},"end":{"line":17,"column":43}},"3":{"start":{"line":18,"column":6},"end":{"line":18,"column":null}},"4":{"start":{"line":19,"column":6},"end":{"line":19,"column":null}},"5":{"start":{"line":21,"column":6},"end":{"line":21,"column":null}},"6":{"start":{"line":26,"column":28},"end":{"line":36,"column":1}},"7":{"start":{"line":29,"column":4},"end":{"line":34,"column":null}},"8":{"start":{"line":30,"column":20},"end":{"line":30,"column":38}},"9":{"start":{"line":31,"column":6},"end":{"line":31,"column":null}},"10":{"start":{"line":33,"column":6},"end":{"line":33,"column":null}},"11":{"start":{"line":38,"column":28},"end":{"line":49,"column":1}},"12":{"start":{"line":41,"column":4},"end":{"line":47,"column":null}},"13":{"start":{"line":42,"column":19},"end":{"line":42,"column":39}},"14":{"start":{"line":43,"column":6},"end":{"line":43,"column":null}},"15":{"start":{"line":44,"column":6},"end":{"line":44,"column":null}},"16":{"start":{"line":46,"column":6},"end":{"line":46,"column":null}},"17":{"start":{"line":51,"column":28},"end":{"line":67,"column":1}},"18":{"start":{"line":54,"column":4},"end":{"line":65,"column":null}},"19":{"start":{"line":55,"column":19},"end":{"line":55,"column":39}},"20":{"start":{"line":57,"column":25},"end":{"line":57,"column":56}},"21":{"start":{"line":58,"column":6},"end":{"line":60,"column":null}},"22":{"start":{"line":62,"column":6},"end":{"line":62,"column":null}},"23":{"start":{"line":64,"column":6},"end":{"line":64,"column":null}}},"fnMap":{"0":{"name":"(anonymous_0)","decl":{"start":{"line":15,"column":2},"end":{"line":15,"column":9}},"loc":{"start":{"line":15,"column":32},"end":{"line":23,"column":null}},"line":15},"1":{"name":"(anonymous_1)","decl":{"start":{"line":28,"column":2},"end":{"line":28,"column":14}},"loc":{"start":{"line":28,"column":14},"end":{"line":35,"column":null}},"line":28},"2":{"name":"(anonymous_2)","decl":{"start":{"line":40,"column":2},"end":{"line":40,"column":9}},"loc":{"start":{"line":40,"column":30},"end":{"line":48,"column":null}},"line":40},"3":{"name":"(anonymous_3)","decl":{"start":{"line":53,"column":2},"end":{"line":53,"column":9}},"loc":{"start":{"line":53,"column":30},"end":{"line":66,"column":null}},"line":53}},"branchMap":{"0":{"loc":{"start":{"line":57,"column":25},"end":{"line":57,"column":56}},"type":"cond-expr","locations":[{"start":{"line":57,"column":42},"end":{"line":57,"column":47}},{"start":{"line":57,"column":50},"end":{"line":57,"column":56}}],"line":57}},"s":{"0":1,"1":2,"2":2,"3":1,"4":1,"5":1,"6":1,"7":2,"8":2,"9":1,"10":1,"11":1,"12":2,"13":2,"14":1,"15":1,"16":1,"17":1,"18":2,"19":2,"20":1,"21":2,"22":2,"23":1},"f":{"0":2,"1":2,"2":2,"3":2},"b":{"0":[1,0]},"meta":{"lastBranch":1,"lastFunction":4,"lastStatement":24,"seen":{"s:13:26:24:1":0,"f:15:2:15:9":0,"s:16:4:22:Infinity":1,"s:17:19:17:43":2,"s:18:6:18:Infinity":3,"s:19:6:19:Infinity":4,"s:21:6:21:Infinity":5,"s:26:28:36:1":6,"f:28:2:28:14":1,"s:29:4:34:Infinity":7,"s:30:20:30:38":8,"s:31:6:31:Infinity":9,"s:33:6:33:Infinity":10,"s:38:28:49:1":11,"f:40:2:40:9":2,"s:41:4:47:Infinity":12,"s:42:19:42:39":13,"s:43:6:43:Infinity":14,"s:44:6:44:Infinity":15,"s:46:6:46:Infinity":16,"s:51:28:67:1":17,"f:53:2:53:9":3,"s:54:4:65:Infinity":18,"s:55:19:55:39":19,"s:57:25:57:56":20,"b:57:42:57:47:57:50:57:56":0,"s:58:6:60:Infinity":21,"s:62:6:62:Infinity":22,"s:64:6:64:Infinity":23}}}
,"/Users/inabamasatake/Desktop/FrontHacks/32ReduxThunk/practice/todo_app/src/redux/features/utils/createModelThunk.js": {"path":"/Users/inabamasatake/Desktop/FrontHacks/32ReduxThunk/practice/todo_app/src/redux/features/utils/createModelThunk.js","statementMap":{"0":{"start":{"line":7,"column":32},"end":{"line":19,"column":4}},"1":{"start":{"line":7,"column":41},"end":{"line":19,"column":4}},"2":{"start":{"line":9,"column":4},"end":{"line":18,"column":null}},"3":{"start":{"line":10,"column":6},"end":{"line":10,"column":null}},"4":{"start":{"line":13,"column":8},"end":{"line":15,"column":51}},"5":{"start":{"line":17,"column":6},"end":{"line":17,"column":null}}},"fnMap":{"0":{"name":"(anonymous_0)","decl":{"start":{"line":7,"column":32},"end":{"line":7,"column":33}},"loc":{"start":{"line":7,"column":41},"end":{"line":19,"column":4}},"line":7},"1":{"name":"(anonymous_1)","decl":{"start":{"line":8,"column":25},"end":{"line":8,"column":32}},"loc":{"start":{"line":8,"column":50},"end":{"line":19,"column":3}},"line":8}},"branchMap":{"0":{"loc":{"start":{"line":13,"column":8},"end":{"line":15,"column":51}},"type":"cond-expr","locations":[{"start":{"line":14,"column":12},"end":{"line":14,"column":56}},{"start":{"line":15,"column":12},"end":{"line":15,"column":51}}],"line":13}},"s":{"0":1,"1":4,"2":8,"3":8,"4":4,"5":4},"f":{"0":4,"1":8},"b":{"0":[4,0]},"meta":{"lastBranch":1,"lastFunction":2,"lastStatement":6,"seen":{"s:7:32:19:4":0,"f:7:32:7:33":0,"s:7:41:19:4":1,"f:8:25:8:32":1,"s:9:4:18:Infinity":2,"s:10:6:10:Infinity":3,"s:13:8:15:51":4,"b:14:12:14:56:15:12:15:51":0,"s:17:6:17:Infinity":5}}}
,"/Users/inabamasatake/Desktop/FrontHacks/32ReduxThunk/practice/todo_app/src/test/redux/features/fixtures/todoFixture.js": {"path":"/Users/inabamasatake/Desktop/FrontHacks/32ReduxThunk/practice/todo_app/src/test/redux/features/fixtures/todoFixture.js","statementMap":{"0":{"start":{"line":1,"column":25},"end":{"line":4,"column":null}},"1":{"start":{"line":7,"column":23},"end":{"line":12,"column":1}}},"fnMap":{},"branchMap":{},"s":{"0":1,"1":1},"f":{},"b":{},"meta":{"lastBranch":0,"lastFunction":0,"lastStatement":2,"seen":{"s:1:25:4:Infinity":0,"s:7:23:12:1":1}}}
}
