{"/Users/inabamasatake/Desktop/FrontHacks/32ReduxThunk/practice/todo_app/src/models/errors/ModelError.js": {"path":"/Users/inabamasatake/Desktop/FrontHacks/32ReduxThunk/practice/todo_app/src/models/errors/ModelError.js","statementMap":{"0":{"start":{"line":3,"column":32},"end":{"line":10,"column":1}},"1":{"start":{"line":14,"column":25},"end":{"line":16,"column":32}},"2":{"start":{"line":18,"column":4},"end":{"line":18,"column":null}},"3":{"start":{"line":19,"column":4},"end":{"line":19,"column":null}},"4":{"start":{"line":20,"column":4},"end":{"line":20,"column":null}},"5":{"start":{"line":22,"column":4},"end":{"line":24,"column":null}},"6":{"start":{"line":23,"column":6},"end":{"line":23,"column":null}}},"fnMap":{"0":{"name":"(anonymous_0)","decl":{"start":{"line":13,"column":2},"end":{"line":13,"column":13}},"loc":{"start":{"line":13,"column":36},"end":{"line":25,"column":null}},"line":13}},"branchMap":{"0":{"loc":{"start":{"line":14,"column":25},"end":{"line":16,"column":32}},"type":"cond-expr","locations":[{"start":{"line":15,"column":8},"end":{"line":15,"column":12}},{"start":{"line":16,"column":8},"end":{"line":16,"column":32}}],"line":14},"1":{"loc":{"start":{"line":18,"column":10},"end":{"line":18,"column":33}},"type":"binary-expr","locations":[{"start":{"line":18,"column":10},"end":{"line":18,"column":17}},{"start":{"line":18,"column":21},"end":{"line":18,"column":33}}],"line":18},"2":{"loc":{"start":{"line":22,"column":4},"end":{"line":24,"column":null}},"type":"if","locations":[{"start":{"line":22,"column":4},"end":{"line":24,"column":null}},{"start":{},"end":{}}],"line":22}},"s":{"0":1,"1":5,"2":5,"3":5,"4":5,"5":5,"6":1},"f":{"0":5},"b":{"0":[4,1],"1":[5,1],"2":[1,4]},"meta":{"lastBranch":3,"lastFunction":1,"lastStatement":7,"seen":{"s:3:32:10:1":0,"f:13:2:13:13":0,"s:14:25:16:32":1,"b:15:8:15:12:16:8:16:32":0,"s:18:4:18:Infinity":2,"b:18:10:18:17:18:21:18:33":1,"s:19:4:19:Infinity":3,"s:20:4:20:Infinity":4,"b:22:4:24:Infinity:undefined:undefined:undefined:undefined":2,"s:22:4:24:Infinity":5,"s:23:6:23:Infinity":6}}}
}
